  Scanning sources for module dependencies...
  ACO.cpp
  main_headless.cpp
  test.cpp
  AntGraphics.cpp
  Compiling...
  main_headless.cpp
  AntGraphics.cpp
  test.cpp
  ACO.cpp
C:\Users\Eatha\Documents\Projects\CSCI551_Final_Parallel_Project\CSCI551_Final_Parallel_Project\src\AntGraphics.cpp(17,44): warning C4244: 'argument': conversion from 'float' to 'int', possible loss of data
C:\Users\Eatha\Documents\Projects\CSCI551_Final_Parallel_Project\CSCI551_Final_Parallel_Project\src\AntGraphics.cpp(189,20): warning C4244: 'initializing': conversion from 'unsigned __int64' to 'float', possible loss of data
C:\Users\Eatha\Documents\Projects\CSCI551_Final_Parallel_Project\CSCI551_Final_Parallel_Project\src\AntGraphics.cpp(191,56): warning C4244: 'argument': conversion from 'float' to 'int', possible loss of data
C:\Users\Eatha\Documents\Projects\CSCI551_Final_Parallel_Project\CSCI551_Final_Parallel_Project\src\AntGraphics.cpp(191,38): warning C4244: 'argument': conversion from 'float' to 'int', possible loss of data
C:\Users\Eatha\Documents\Projects\CSCI551_Final_Parallel_Project\CSCI551_Final_Parallel_Project\src\AntGraphics.cpp(192,99): warning C4244: 'argument': conversion from 'float' to 'int', possible loss of data
C:\Users\Eatha\Documents\Projects\CSCI551_Final_Parallel_Project\CSCI551_Final_Parallel_Project\src\AntGraphics.cpp(192,85): warning C4244: 'argument': conversion from 'float' to 'int', possible loss of data
C:\Users\Eatha\Documents\Projects\CSCI551_Final_Parallel_Project\CSCI551_Final_Parallel_Project\src\AntGraphics.cpp(192,64): warning C4244: 'argument': conversion from 'float' to 'int', possible loss of data
C:\Users\Eatha\Documents\Projects\CSCI551_Final_Parallel_Project\CSCI551_Final_Parallel_Project\src\AntGraphics.cpp(204,43): warning C4244: 'initializing': conversion from 'double' to 'int', possible loss of data
C:\Users\Eatha\Documents\Projects\CSCI551_Final_Parallel_Project\CSCI551_Final_Parallel_Project\src\AntGraphics.cpp(204,28): warning C4244: 'initializing': conversion from 'double' to 'const int', possible loss of data
C:\Users\Eatha\Documents\Projects\CSCI551_Final_Parallel_Project\CSCI551_Final_Parallel_Project\src\AntGraphics.cpp(205,39): warning C4244: 'initializing': conversion from 'int' to 'float', possible loss of data
C:\Users\Eatha\Documents\Projects\CSCI551_Final_Parallel_Project\CSCI551_Final_Parallel_Project\src\AntGraphics.cpp(205,28): warning C4244: 'initializing': conversion from 'int' to 'const float', possible loss of data
C:\Users\Eatha\Documents\Projects\CSCI551_Final_Parallel_Project\CSCI551_Final_Parallel_Project\src\AntGraphics.cpp(210,34): warning C4244: 'initializing': conversion from 'size_t' to 'float', possible loss of data
C:\Users\Eatha\Documents\Projects\CSCI551_Final_Parallel_Project\CSCI551_Final_Parallel_Project\src\AntGraphics.cpp(213,106): warning C4244: 'argument': conversion from 'const float' to 'int', possible loss of data
C:\Users\Eatha\Documents\Projects\CSCI551_Final_Parallel_Project\CSCI551_Final_Parallel_Project\src\AntGraphics.cpp(213,88): warning C4244: 'argument': conversion from 'double' to 'int', possible loss of data
C:\Users\Eatha\Documents\Projects\CSCI551_Final_Parallel_Project\CSCI551_Final_Parallel_Project\src\AntGraphics.cpp(213,62): warning C4244: 'argument': conversion from 'double' to 'int', possible loss of data
C:\Users\Eatha\Documents\Projects\CSCI551_Final_Parallel_Project\CSCI551_Final_Parallel_Project\src\AntGraphics.cpp(217,108): warning C4244: 'argument': conversion from 'const float' to 'int', possible loss of data
C:\Users\Eatha\Documents\Projects\CSCI551_Final_Parallel_Project\CSCI551_Final_Parallel_Project\src\AntGraphics.cpp(217,89): warning C4244: 'argument': conversion from 'double' to 'int', possible loss of data
C:\Users\Eatha\Documents\Projects\CSCI551_Final_Parallel_Project\CSCI551_Final_Parallel_Project\src\AntGraphics.cpp(217,62): warning C4244: 'argument': conversion from 'double' to 'int', possible loss of data
C:\Users\Eatha\Documents\Projects\CSCI551_Final_Parallel_Project\CSCI551_Final_Parallel_Project\src\AntGraphics.cpp(220,48): warning C4244: 'argument': conversion from 'float' to 'int', possible loss of data
C:\Users\Eatha\Documents\Projects\CSCI551_Final_Parallel_Project\CSCI551_Final_Parallel_Project\src\AntGraphics.cpp(220,40): warning C4244: 'argument': conversion from 'float' to 'int', possible loss of data
C:\Users\Eatha\Documents\Projects\CSCI551_Final_Parallel_Project\CSCI551_Final_Parallel_Project\src\AntGraphics.cpp(229,90): warning C4244: 'argument': conversion from 'const float' to 'int', possible loss of data
C:\Users\Eatha\Documents\Projects\CSCI551_Final_Parallel_Project\CSCI551_Final_Parallel_Project\src\AntGraphics.cpp(229,80): warning C4244: 'argument': conversion from 'float' to 'int', possible loss of data
C:\Users\Eatha\Documents\Projects\CSCI551_Final_Parallel_Project\CSCI551_Final_Parallel_Project\src\AntGraphics.cpp(229,73): warning C4244: 'argument': conversion from 'float' to 'int', possible loss of data
C:\Users\Eatha\Documents\Projects\CSCI551_Final_Parallel_Project\CSCI551_Final_Parallel_Project\src\AntGraphics.cpp(230,95): warning C4244: 'argument': conversion from 'const float' to 'int', possible loss of data
C:\Users\Eatha\Documents\Projects\CSCI551_Final_Parallel_Project\CSCI551_Final_Parallel_Project\src\AntGraphics.cpp(230,81): warning C4244: 'argument': conversion from 'float' to 'int', possible loss of data
C:\Users\Eatha\Documents\Projects\CSCI551_Final_Parallel_Project\CSCI551_Final_Parallel_Project\src\AntGraphics.cpp(230,74): warning C4244: 'argument': conversion from 'float' to 'int', possible loss of data
C:\Users\Eatha\Documents\Projects\CSCI551_Final_Parallel_Project\CSCI551_Final_Parallel_Project\src\AntGraphics.cpp(231,96): warning C4244: 'argument': conversion from 'const float' to 'int', possible loss of data
C:\Users\Eatha\Documents\Projects\CSCI551_Final_Parallel_Project\CSCI551_Final_Parallel_Project\src\AntGraphics.cpp(231,82): warning C4244: 'argument': conversion from 'float' to 'int', possible loss of data
C:\Users\Eatha\Documents\Projects\CSCI551_Final_Parallel_Project\CSCI551_Final_Parallel_Project\src\AntGraphics.cpp(231,75): warning C4244: 'argument': conversion from 'float' to 'int', possible loss of data
  CSCI551_Final_Parallel_Project.vcxproj -> C:\Users\Eatha\Documents\Projects\CSCI551_Final_Parallel_Project\x64\Debug\CSCI551_Final_Parallel_Project.exe
